0 info it worked if it ends with ok
1 verbose cli [ '/usr/local/bin/node', '/usr/local/bin/npm', 'install' ]
2 info using npm@3.10.3
3 info using node@v6.5.0
4 silly loadCurrentTree Starting
5 silly install loadCurrentTree
6 silly install readLocalPackageData
7 silly install normalizeTree
8 silly loadCurrentTree Finishing
9 silly loadIdealTree Starting
10 silly install loadIdealTree
11 silly cloneCurrentTree Starting
12 silly install cloneCurrentTreeToIdealTree
13 silly cloneCurrentTree Finishing
14 silly loadShrinkwrap Starting
15 silly install loadShrinkwrap
16 silly loadShrinkwrap Finishing
17 silly loadAllDepsIntoIdealTree Starting
18 silly install loadAllDepsIntoIdealTree
19 silly fetchNamedPackageData @angular/core
20 silly mapToRegistry name @angular/core
21 silly mapToRegistry scope (from package name) @angular
22 verbose mapToRegistry no registry URL found in name for scope @angular
23 silly mapToRegistry using default registry
24 silly mapToRegistry registry https://registry.npmjs.org/
25 silly mapToRegistry data Result {
25 silly mapToRegistry   raw: '@angular/core',
25 silly mapToRegistry   scope: '@angular',
25 silly mapToRegistry   escapedName: '@angular%2fcore',
25 silly mapToRegistry   name: '@angular/core',
25 silly mapToRegistry   rawSpec: '',
25 silly mapToRegistry   spec: 'latest',
25 silly mapToRegistry   type: 'tag' }
26 silly mapToRegistry uri https://registry.npmjs.org/@angular%2fcore
27 silly fetchNamedPackageData @angular/common
28 silly mapToRegistry name @angular/common
29 silly mapToRegistry scope (from package name) @angular
30 verbose mapToRegistry no registry URL found in name for scope @angular
31 silly mapToRegistry using default registry
32 silly mapToRegistry registry https://registry.npmjs.org/
33 silly mapToRegistry data Result {
33 silly mapToRegistry   raw: '@angular/common',
33 silly mapToRegistry   scope: '@angular',
33 silly mapToRegistry   escapedName: '@angular%2fcommon',
33 silly mapToRegistry   name: '@angular/common',
33 silly mapToRegistry   rawSpec: '',
33 silly mapToRegistry   spec: 'latest',
33 silly mapToRegistry   type: 'tag' }
34 silly mapToRegistry uri https://registry.npmjs.org/@angular%2fcommon
35 silly fetchNamedPackageData @angular/compiler
36 silly mapToRegistry name @angular/compiler
37 silly mapToRegistry scope (from package name) @angular
38 verbose mapToRegistry no registry URL found in name for scope @angular
39 silly mapToRegistry using default registry
40 silly mapToRegistry registry https://registry.npmjs.org/
41 silly mapToRegistry data Result {
41 silly mapToRegistry   raw: '@angular/compiler',
41 silly mapToRegistry   scope: '@angular',
41 silly mapToRegistry   escapedName: '@angular%2fcompiler',
41 silly mapToRegistry   name: '@angular/compiler',
41 silly mapToRegistry   rawSpec: '',
41 silly mapToRegistry   spec: 'latest',
41 silly mapToRegistry   type: 'tag' }
42 silly mapToRegistry uri https://registry.npmjs.org/@angular%2fcompiler
43 silly fetchNamedPackageData @angular/forms
44 silly mapToRegistry name @angular/forms
45 silly mapToRegistry scope (from package name) @angular
46 verbose mapToRegistry no registry URL found in name for scope @angular
47 silly mapToRegistry using default registry
48 silly mapToRegistry registry https://registry.npmjs.org/
49 silly mapToRegistry data Result {
49 silly mapToRegistry   raw: '@angular/forms',
49 silly mapToRegistry   scope: '@angular',
49 silly mapToRegistry   escapedName: '@angular%2fforms',
49 silly mapToRegistry   name: '@angular/forms',
49 silly mapToRegistry   rawSpec: '',
49 silly mapToRegistry   spec: 'latest',
49 silly mapToRegistry   type: 'tag' }
50 silly mapToRegistry uri https://registry.npmjs.org/@angular%2fforms
51 silly fetchNamedPackageData @angular/http
52 silly mapToRegistry name @angular/http
53 silly mapToRegistry scope (from package name) @angular
54 verbose mapToRegistry no registry URL found in name for scope @angular
55 silly mapToRegistry using default registry
56 silly mapToRegistry registry https://registry.npmjs.org/
57 silly mapToRegistry data Result {
57 silly mapToRegistry   raw: '@angular/http',
57 silly mapToRegistry   scope: '@angular',
57 silly mapToRegistry   escapedName: '@angular%2fhttp',
57 silly mapToRegistry   name: '@angular/http',
57 silly mapToRegistry   rawSpec: '',
57 silly mapToRegistry   spec: 'latest',
57 silly mapToRegistry   type: 'tag' }
58 silly mapToRegistry uri https://registry.npmjs.org/@angular%2fhttp
59 silly fetchNamedPackageData @angular/platform-browser
60 silly mapToRegistry name @angular/platform-browser
61 silly mapToRegistry scope (from package name) @angular
62 verbose mapToRegistry no registry URL found in name for scope @angular
63 silly mapToRegistry using default registry
64 silly mapToRegistry registry https://registry.npmjs.org/
65 silly mapToRegistry data Result {
65 silly mapToRegistry   raw: '@angular/platform-browser',
65 silly mapToRegistry   scope: '@angular',
65 silly mapToRegistry   escapedName: '@angular%2fplatform-browser',
65 silly mapToRegistry   name: '@angular/platform-browser',
65 silly mapToRegistry   rawSpec: '',
65 silly mapToRegistry   spec: 'latest',
65 silly mapToRegistry   type: 'tag' }
66 silly mapToRegistry uri https://registry.npmjs.org/@angular%2fplatform-browser
67 silly fetchNamedPackageData @angular/platform-browser-dynamic
68 silly mapToRegistry name @angular/platform-browser-dynamic
69 silly mapToRegistry scope (from package name) @angular
70 verbose mapToRegistry no registry URL found in name for scope @angular
71 silly mapToRegistry using default registry
72 silly mapToRegistry registry https://registry.npmjs.org/
73 silly mapToRegistry data Result {
73 silly mapToRegistry   raw: '@angular/platform-browser-dynamic',
73 silly mapToRegistry   scope: '@angular',
73 silly mapToRegistry   escapedName: '@angular%2fplatform-browser-dynamic',
73 silly mapToRegistry   name: '@angular/platform-browser-dynamic',
73 silly mapToRegistry   rawSpec: '',
73 silly mapToRegistry   spec: 'latest',
73 silly mapToRegistry   type: 'tag' }
74 silly mapToRegistry uri https://registry.npmjs.org/@angular%2fplatform-browser-dynamic
75 silly fetchNamedPackageData @angular/platform-server
76 silly mapToRegistry name @angular/platform-server
77 silly mapToRegistry scope (from package name) @angular
78 verbose mapToRegistry no registry URL found in name for scope @angular
79 silly mapToRegistry using default registry
80 silly mapToRegistry registry https://registry.npmjs.org/
81 silly mapToRegistry data Result {
81 silly mapToRegistry   raw: '@angular/platform-server',
81 silly mapToRegistry   scope: '@angular',
81 silly mapToRegistry   escapedName: '@angular%2fplatform-server',
81 silly mapToRegistry   name: '@angular/platform-server',
81 silly mapToRegistry   rawSpec: '',
81 silly mapToRegistry   spec: 'latest',
81 silly mapToRegistry   type: 'tag' }
82 silly mapToRegistry uri https://registry.npmjs.org/@angular%2fplatform-server
83 silly fetchNamedPackageData @angular/router
84 silly mapToRegistry name @angular/router
85 silly mapToRegistry scope (from package name) @angular
86 verbose mapToRegistry no registry URL found in name for scope @angular
87 silly mapToRegistry using default registry
88 silly mapToRegistry registry https://registry.npmjs.org/
89 silly mapToRegistry data Result {
89 silly mapToRegistry   raw: '@angular/router',
89 silly mapToRegistry   scope: '@angular',
89 silly mapToRegistry   escapedName: '@angular%2frouter',
89 silly mapToRegistry   name: '@angular/router',
89 silly mapToRegistry   rawSpec: '',
89 silly mapToRegistry   spec: 'latest',
89 silly mapToRegistry   type: 'tag' }
90 silly mapToRegistry uri https://registry.npmjs.org/@angular%2frouter
91 silly fetchNamedPackageData ansicolors
92 silly mapToRegistry name ansicolors
93 silly mapToRegistry using default registry
94 silly mapToRegistry registry https://registry.npmjs.org/
95 silly mapToRegistry data Result {
95 silly mapToRegistry   raw: 'ansicolors',
95 silly mapToRegistry   scope: null,
95 silly mapToRegistry   escapedName: 'ansicolors',
95 silly mapToRegistry   name: 'ansicolors',
95 silly mapToRegistry   rawSpec: '',
95 silly mapToRegistry   spec: 'latest',
95 silly mapToRegistry   type: 'tag' }
96 silly mapToRegistry uri https://registry.npmjs.org/ansicolors
97 silly fetchNamedPackageData ansistyles
98 silly mapToRegistry name ansistyles
99 silly mapToRegistry using default registry
100 silly mapToRegistry registry https://registry.npmjs.org/
101 silly mapToRegistry data Result {
101 silly mapToRegistry   raw: 'ansistyles',
101 silly mapToRegistry   scope: null,
101 silly mapToRegistry   escapedName: 'ansistyles',
101 silly mapToRegistry   name: 'ansistyles',
101 silly mapToRegistry   rawSpec: '',
101 silly mapToRegistry   spec: 'latest',
101 silly mapToRegistry   type: 'tag' }
102 silly mapToRegistry uri https://registry.npmjs.org/ansistyles
103 silly fetchNamedPackageData bluebird
104 silly mapToRegistry name bluebird
105 silly mapToRegistry using default registry
106 silly mapToRegistry registry https://registry.npmjs.org/
107 silly mapToRegistry data Result {
107 silly mapToRegistry   raw: 'bluebird',
107 silly mapToRegistry   scope: null,
107 silly mapToRegistry   escapedName: 'bluebird',
107 silly mapToRegistry   name: 'bluebird',
107 silly mapToRegistry   rawSpec: '',
107 silly mapToRegistry   spec: 'latest',
107 silly mapToRegistry   type: 'tag' }
108 silly mapToRegistry uri https://registry.npmjs.org/bluebird
109 silly fetchNamedPackageData eventemitter3
110 silly mapToRegistry name eventemitter3
111 silly mapToRegistry using default registry
112 silly mapToRegistry registry https://registry.npmjs.org/
113 silly mapToRegistry data Result {
113 silly mapToRegistry   raw: 'eventemitter3',
113 silly mapToRegistry   scope: null,
113 silly mapToRegistry   escapedName: 'eventemitter3',
113 silly mapToRegistry   name: 'eventemitter3',
113 silly mapToRegistry   rawSpec: '',
113 silly mapToRegistry   spec: 'latest',
113 silly mapToRegistry   type: 'tag' }
114 silly mapToRegistry uri https://registry.npmjs.org/eventemitter3
115 silly fetchNamedPackageData lodash
116 silly mapToRegistry name lodash
117 silly mapToRegistry using default registry
118 silly mapToRegistry registry https://registry.npmjs.org/
119 silly mapToRegistry data Result {
119 silly mapToRegistry   raw: 'lodash',
119 silly mapToRegistry   scope: null,
119 silly mapToRegistry   escapedName: 'lodash',
119 silly mapToRegistry   name: 'lodash',
119 silly mapToRegistry   rawSpec: '',
119 silly mapToRegistry   spec: 'latest',
119 silly mapToRegistry   type: 'tag' }
120 silly mapToRegistry uri https://registry.npmjs.org/lodash
121 silly fetchNamedPackageData moment
122 silly mapToRegistry name moment
123 silly mapToRegistry using default registry
124 silly mapToRegistry registry https://registry.npmjs.org/
125 silly mapToRegistry data Result {
125 silly mapToRegistry   raw: 'moment',
125 silly mapToRegistry   scope: null,
125 silly mapToRegistry   escapedName: 'moment',
125 silly mapToRegistry   name: 'moment',
125 silly mapToRegistry   rawSpec: '',
125 silly mapToRegistry   spec: 'latest',
125 silly mapToRegistry   type: 'tag' }
126 silly mapToRegistry uri https://registry.npmjs.org/moment
127 silly fetchNamedPackageData nativescript-angular
128 silly mapToRegistry name nativescript-angular
129 silly mapToRegistry using default registry
130 silly mapToRegistry registry https://registry.npmjs.org/
131 silly mapToRegistry data Result {
131 silly mapToRegistry   raw: 'nativescript-angular',
131 silly mapToRegistry   scope: null,
131 silly mapToRegistry   escapedName: 'nativescript-angular',
131 silly mapToRegistry   name: 'nativescript-angular',
131 silly mapToRegistry   rawSpec: '',
131 silly mapToRegistry   spec: 'latest',
131 silly mapToRegistry   type: 'tag' }
132 silly mapToRegistry uri https://registry.npmjs.org/nativescript-angular
133 silly fetchOtherPackageData nativescript-playground-plugin@file:plugin
134 silly cache add args [ 'nativescript-playground-plugin@file:plugin', null ]
135 verbose cache add spec nativescript-playground-plugin@file:plugin
136 silly fetchNamedPackageData rxjs
137 silly mapToRegistry name rxjs
138 silly mapToRegistry using default registry
139 silly mapToRegistry registry https://registry.npmjs.org/
140 silly mapToRegistry data Result {
140 silly mapToRegistry   raw: 'rxjs',
140 silly mapToRegistry   scope: null,
140 silly mapToRegistry   escapedName: 'rxjs',
140 silly mapToRegistry   name: 'rxjs',
140 silly mapToRegistry   rawSpec: '',
140 silly mapToRegistry   spec: 'latest',
140 silly mapToRegistry   type: 'tag' }
141 silly mapToRegistry uri https://registry.npmjs.org/rxjs
142 silly fetchNamedPackageData tns-core-modules
143 silly mapToRegistry name tns-core-modules
144 silly mapToRegistry using default registry
145 silly mapToRegistry registry https://registry.npmjs.org/
146 silly mapToRegistry data Result {
146 silly mapToRegistry   raw: 'tns-core-modules',
146 silly mapToRegistry   scope: null,
146 silly mapToRegistry   escapedName: 'tns-core-modules',
146 silly mapToRegistry   name: 'tns-core-modules',
146 silly mapToRegistry   rawSpec: '',
146 silly mapToRegistry   spec: 'latest',
146 silly mapToRegistry   type: 'tag' }
147 silly mapToRegistry uri https://registry.npmjs.org/tns-core-modules
148 silly cache add parsed spec Result {
148 silly cache add   raw: 'nativescript-playground-plugin@file:plugin',
148 silly cache add   scope: null,
148 silly cache add   escapedName: 'nativescript-playground-plugin',
148 silly cache add   name: 'nativescript-playground-plugin',
148 silly cache add   rawSpec: 'file:plugin',
148 silly cache add   spec: '/Users/roblav96/Projects/nativescript-playground/plugin',
148 silly cache add   type: 'local' }
149 error addLocal Could not install /Users/roblav96/Projects/nativescript-playground/plugin
150 silly fetchPackageMetaData Error: ENOENT: no such file or directory, open '/Users/roblav96/Projects/nativescript-playground/plugin'
150 silly fetchPackageMetaData     at Error (native)
150 silly fetchPackageMetaData  error for nativescript-playground-plugin@file:plugin { Error: ENOENT: no such file or directory, open '/Users/roblav96/Projects/nativescript-playground/plugin'
150 silly fetchPackageMetaData     at Error (native)
150 silly fetchPackageMetaData   errno: -2,
150 silly fetchPackageMetaData   code: 'ENOENT',
150 silly fetchPackageMetaData   syscall: 'open',
150 silly fetchPackageMetaData   path: '/Users/roblav96/Projects/nativescript-playground/plugin' }
151 verbose request uri https://registry.npmjs.org/@angular%2fcore
152 verbose request no auth needed
153 info attempt registry request try #1 at 6:48:50 AM
154 verbose request using bearer token for auth
155 verbose request id 546b654767651561
156 verbose etag "EXWLV1DLZLL9849YGCYNK3HSI"
157 http request GET https://registry.npmjs.org/@angular%2fcore
158 verbose request uri https://registry.npmjs.org/@angular%2fcommon
159 verbose request no auth needed
160 info attempt registry request try #1 at 6:48:50 AM
161 verbose request using bearer token for auth
162 verbose etag "C0PYYYWHJ9DHT6CR3G67LDT08"
163 http request GET https://registry.npmjs.org/@angular%2fcommon
164 verbose request uri https://registry.npmjs.org/@angular%2fcompiler
165 verbose request no auth needed
166 info attempt registry request try #1 at 6:48:50 AM
167 verbose request using bearer token for auth
168 verbose etag "2Q8J66YSBGP7WK2D9NB4U31XS"
169 http request GET https://registry.npmjs.org/@angular%2fcompiler
170 verbose request uri https://registry.npmjs.org/@angular%2fforms
171 verbose request no auth needed
172 info attempt registry request try #1 at 6:48:50 AM
173 verbose request using bearer token for auth
174 verbose etag "2FJLBPOS4FF1IDEQAKU8CZW0V"
175 http request GET https://registry.npmjs.org/@angular%2fforms
176 verbose request uri https://registry.npmjs.org/@angular%2fhttp
177 verbose request no auth needed
178 info attempt registry request try #1 at 6:48:50 AM
179 verbose request using bearer token for auth
180 verbose etag "50LUILFHM9VSW13P3NOY69OR8"
181 http request GET https://registry.npmjs.org/@angular%2fhttp
182 verbose request uri https://registry.npmjs.org/@angular%2fplatform-browser
183 verbose request no auth needed
184 info attempt registry request try #1 at 6:48:50 AM
185 verbose request using bearer token for auth
186 verbose etag "7VS7NTTGPP87YPCX1H9NVMNRO"
187 http request GET https://registry.npmjs.org/@angular%2fplatform-browser
188 verbose request uri https://registry.npmjs.org/@angular%2fplatform-browser-dynamic
189 verbose request no auth needed
190 info attempt registry request try #1 at 6:48:50 AM
191 verbose request using bearer token for auth
192 verbose etag "2FEVJSYXG2OEXSDSWI8B4Q3Y"
193 http request GET https://registry.npmjs.org/@angular%2fplatform-browser-dynamic
194 verbose request uri https://registry.npmjs.org/@angular%2fplatform-server
195 verbose request no auth needed
196 info attempt registry request try #1 at 6:48:50 AM
197 verbose request using bearer token for auth
198 verbose etag "CJATQ1GWYAUUXOPLBABYPE7G0"
199 http request GET https://registry.npmjs.org/@angular%2fplatform-server
200 verbose request uri https://registry.npmjs.org/@angular%2frouter
201 verbose request no auth needed
202 info attempt registry request try #1 at 6:48:50 AM
203 verbose request using bearer token for auth
204 verbose etag "1P0PV6N19YY6AKEGYE6YX26VV"
205 http request GET https://registry.npmjs.org/@angular%2frouter
206 verbose request uri https://registry.npmjs.org/ansicolors
207 verbose request no auth needed
208 info attempt registry request try #1 at 6:48:50 AM
209 verbose request using bearer token for auth
210 verbose etag "1ZI68P5LWFEYMC1KJNWZO8QAI"
211 http request GET https://registry.npmjs.org/ansicolors
212 verbose request uri https://registry.npmjs.org/ansistyles
213 verbose request no auth needed
214 info attempt registry request try #1 at 6:48:50 AM
215 verbose request using bearer token for auth
216 verbose etag "4F5K7D3DOOZ04C06EFMQP9CLS"
217 http request GET https://registry.npmjs.org/ansistyles
218 verbose request uri https://registry.npmjs.org/eventemitter3
219 verbose request no auth needed
220 info attempt registry request try #1 at 6:48:50 AM
221 verbose request using bearer token for auth
222 verbose etag "J7AF52E035JO5WRVDD07JE8E"
223 http request GET https://registry.npmjs.org/eventemitter3
224 verbose request uri https://registry.npmjs.org/moment
225 verbose request no auth needed
226 info attempt registry request try #1 at 6:48:50 AM
227 verbose request using bearer token for auth
228 verbose etag "ADEA08DGF3PSPSDGU932P5K84"
229 http request GET https://registry.npmjs.org/moment
230 verbose request uri https://registry.npmjs.org/rxjs
231 verbose request no auth needed
232 info attempt registry request try #1 at 6:48:50 AM
233 verbose request using bearer token for auth
234 verbose etag "EJCY9ORYA6D8RWW2XMC5PCS0Q"
235 http request GET https://registry.npmjs.org/rxjs
236 verbose request uri https://registry.npmjs.org/lodash
237 verbose request no auth needed
238 info attempt registry request try #1 at 6:48:50 AM
239 verbose request using bearer token for auth
240 verbose etag "9FD3Y8RJ0635ZAHFKFS8A6ODB"
241 http request GET https://registry.npmjs.org/lodash
242 verbose request uri https://registry.npmjs.org/nativescript-angular
243 verbose request no auth needed
244 info attempt registry request try #1 at 6:48:50 AM
245 verbose request using bearer token for auth
246 verbose etag "56UG0L62WNKYVQD6QVCPQKR89"
247 http request GET https://registry.npmjs.org/nativescript-angular
248 verbose request uri https://registry.npmjs.org/bluebird
249 verbose request no auth needed
250 info attempt registry request try #1 at 6:48:50 AM
251 verbose request using bearer token for auth
252 verbose etag "2CVIXKUCZSWJU23S4MMP0MG8H"
253 http request GET https://registry.npmjs.org/bluebird
254 verbose request uri https://registry.npmjs.org/tns-core-modules
255 verbose request no auth needed
256 info attempt registry request try #1 at 6:48:50 AM
257 verbose request using bearer token for auth
258 verbose etag "TLE2CW079PW91NWP43JYJLW9"
259 http request GET https://registry.npmjs.org/tns-core-modules
260 http 304 https://registry.npmjs.org/ansicolors
261 verbose headers { 'cache-control': 'max-age=300',
261 verbose headers   'accept-ranges': 'bytes',
261 verbose headers   date: 'Fri, 07 Oct 2016 10:48:50 GMT',
261 verbose headers   via: '1.1 varnish',
261 verbose headers   connection: 'keep-alive',
261 verbose headers   'x-served-by': 'cache-jfk8141-JFK',
261 verbose headers   'x-cache': 'MISS',
261 verbose headers   'x-cache-hits': '0',
261 verbose headers   'x-timer': 'S1475837330.806016,VS0,VE19',
261 verbose headers   vary: 'Accept-Encoding' }
262 silly get cb [ 304,
262 silly get   { 'cache-control': 'max-age=300',
262 silly get     'accept-ranges': 'bytes',
262 silly get     date: 'Fri, 07 Oct 2016 10:48:50 GMT',
262 silly get     via: '1.1 varnish',
262 silly get     connection: 'keep-alive',
262 silly get     'x-served-by': 'cache-jfk8141-JFK',
262 silly get     'x-cache': 'MISS',
262 silly get     'x-cache-hits': '0',
262 silly get     'x-timer': 'S1475837330.806016,VS0,VE19',
262 silly get     vary: 'Accept-Encoding' } ]
263 verbose etag https://registry.npmjs.org/ansicolors from cache
264 verbose get saving ansicolors to /Users/roblav96/.npm/registry.npmjs.org/ansicolors/.cache.json
265 verbose correctMkdir /Users/roblav96/.npm correctMkdir not in flight; initializing
266 http 304 https://registry.npmjs.org/lodash
267 verbose headers { 'cache-control': 'max-age=300',
267 verbose headers   'accept-ranges': 'bytes',
267 verbose headers   date: 'Fri, 07 Oct 2016 10:48:50 GMT',
267 verbose headers   via: '1.1 varnish',
267 verbose headers   connection: 'keep-alive',
267 verbose headers   'x-served-by': 'cache-jfk8134-JFK',
267 verbose headers   'x-cache': 'MISS',
267 verbose headers   'x-cache-hits': '0',
267 verbose headers   'x-timer': 'S1475837330.814265,VS0,VE21',
267 verbose headers   vary: 'Accept-Encoding' }
268 silly get cb [ 304,
268 silly get   { 'cache-control': 'max-age=300',
268 silly get     'accept-ranges': 'bytes',
268 silly get     date: 'Fri, 07 Oct 2016 10:48:50 GMT',
268 silly get     via: '1.1 varnish',
268 silly get     connection: 'keep-alive',
268 silly get     'x-served-by': 'cache-jfk8134-JFK',
268 silly get     'x-cache': 'MISS',
268 silly get     'x-cache-hits': '0',
268 silly get     'x-timer': 'S1475837330.814265,VS0,VE21',
268 silly get     vary: 'Accept-Encoding' } ]
269 verbose etag https://registry.npmjs.org/lodash from cache
270 verbose get saving lodash to /Users/roblav96/.npm/registry.npmjs.org/lodash/.cache.json
271 verbose correctMkdir /Users/roblav96/.npm correctMkdir not in flight; initializing
272 silly resolveWithNewModule ansicolors@0.3.2 checking installable status
273 silly cache add args [ 'ansicolors@latest', null ]
274 verbose cache add spec ansicolors@latest
275 silly cache add parsed spec Result {
275 silly cache add   raw: 'ansicolors@latest',
275 silly cache add   scope: null,
275 silly cache add   escapedName: 'ansicolors',
275 silly cache add   name: 'ansicolors',
275 silly cache add   rawSpec: 'latest',
275 silly cache add   spec: 'latest',
275 silly cache add   type: 'tag' }
276 silly addNamed ansicolors@latest
277 verbose addNamed "latest" is being treated as a dist-tag for ansicolors
278 info addNameTag [ 'ansicolors', 'latest' ]
279 silly mapToRegistry name ansicolors
280 silly mapToRegistry using default registry
281 silly mapToRegistry registry https://registry.npmjs.org/
282 silly mapToRegistry data Result {
282 silly mapToRegistry   raw: 'ansicolors',
282 silly mapToRegistry   scope: null,
282 silly mapToRegistry   escapedName: 'ansicolors',
282 silly mapToRegistry   name: 'ansicolors',
282 silly mapToRegistry   rawSpec: '',
282 silly mapToRegistry   spec: 'latest',
282 silly mapToRegistry   type: 'tag' }
283 silly mapToRegistry uri https://registry.npmjs.org/ansicolors
284 verbose addNameTag registry:https://registry.npmjs.org/ansicolors not in flight; fetching
285 silly resolveWithNewModule lodash@4.16.4 checking installable status
286 silly cache add args [ 'lodash@latest', null ]
287 verbose cache add spec lodash@latest
288 silly cache add parsed spec Result {
288 silly cache add   raw: 'lodash@latest',
288 silly cache add   scope: null,
288 silly cache add   escapedName: 'lodash',
288 silly cache add   name: 'lodash',
288 silly cache add   rawSpec: 'latest',
288 silly cache add   spec: 'latest',
288 silly cache add   type: 'tag' }
289 silly addNamed lodash@latest
290 verbose addNamed "latest" is being treated as a dist-tag for lodash
291 info addNameTag [ 'lodash', 'latest' ]
292 silly mapToRegistry name lodash
293 silly mapToRegistry using default registry
294 silly mapToRegistry registry https://registry.npmjs.org/
295 silly mapToRegistry data Result {
295 silly mapToRegistry   raw: 'lodash',
295 silly mapToRegistry   scope: null,
295 silly mapToRegistry   escapedName: 'lodash',
295 silly mapToRegistry   name: 'lodash',
295 silly mapToRegistry   rawSpec: '',
295 silly mapToRegistry   spec: 'latest',
295 silly mapToRegistry   type: 'tag' }
296 silly mapToRegistry uri https://registry.npmjs.org/lodash
297 verbose addNameTag registry:https://registry.npmjs.org/lodash not in flight; fetching
298 verbose get https://registry.npmjs.org/ansicolors not expired, no request
299 silly addNameTag next cb for ansicolors with tag latest
300 silly addNamed ansicolors@0.3.2
301 verbose addNamed "0.3.2" is a plain semver version for ansicolors
302 verbose get https://registry.npmjs.org/lodash not expired, no request
303 silly addNameTag next cb for lodash with tag latest
304 silly addNamed lodash@4.16.4
305 verbose addNamed "4.16.4" is a plain semver version for lodash
306 silly cache afterAdd ansicolors@0.3.2
307 verbose afterAdd /Users/roblav96/.npm/ansicolors/0.3.2/package/package.json not in flight; writing
308 verbose correctMkdir /Users/roblav96/.npm correctMkdir not in flight; initializing
309 silly cache afterAdd lodash@4.16.4
310 verbose afterAdd /Users/roblav96/.npm/lodash/4.16.4/package/package.json not in flight; writing
311 verbose correctMkdir /Users/roblav96/.npm correctMkdir not in flight; initializing
312 verbose afterAdd /Users/roblav96/.npm/ansicolors/0.3.2/package/package.json written
313 verbose afterAdd /Users/roblav96/.npm/lodash/4.16.4/package/package.json written
314 http 304 https://registry.npmjs.org/rxjs
315 verbose headers { 'cache-control': 'max-age=300',
315 verbose headers   'accept-ranges': 'bytes',
315 verbose headers   date: 'Fri, 07 Oct 2016 10:48:50 GMT',
315 verbose headers   via: '1.1 varnish',
315 verbose headers   connection: 'keep-alive',
315 verbose headers   'x-served-by': 'cache-jfk8127-JFK',
315 verbose headers   'x-cache': 'MISS',
315 verbose headers   'x-cache-hits': '0',
315 verbose headers   'x-timer': 'S1475837330.806230,VS0,VE100',
315 verbose headers   vary: 'Accept-Encoding' }
316 silly get cb [ 304,
316 silly get   { 'cache-control': 'max-age=300',
316 silly get     'accept-ranges': 'bytes',
316 silly get     date: 'Fri, 07 Oct 2016 10:48:50 GMT',
316 silly get     via: '1.1 varnish',
316 silly get     connection: 'keep-alive',
316 silly get     'x-served-by': 'cache-jfk8127-JFK',
316 silly get     'x-cache': 'MISS',
316 silly get     'x-cache-hits': '0',
316 silly get     'x-timer': 'S1475837330.806230,VS0,VE100',
316 silly get     vary: 'Accept-Encoding' } ]
317 verbose etag https://registry.npmjs.org/rxjs from cache
318 verbose get saving rxjs to /Users/roblav96/.npm/registry.npmjs.org/rxjs/.cache.json
319 verbose correctMkdir /Users/roblav96/.npm correctMkdir not in flight; initializing
320 silly resolveWithNewModule rxjs@5.0.0-beta.12 checking installable status
321 silly cache add args [ 'rxjs@latest', null ]
322 verbose cache add spec rxjs@latest
323 http 304 https://registry.npmjs.org/eventemitter3
324 verbose headers { 'cache-control': 'max-age=300',
324 verbose headers   'accept-ranges': 'bytes',
324 verbose headers   date: 'Fri, 07 Oct 2016 10:48:50 GMT',
324 verbose headers   via: '1.1 varnish',
324 verbose headers   connection: 'keep-alive',
324 verbose headers   'x-served-by': 'cache-jfk8128-JFK',
324 verbose headers   'x-cache': 'MISS',
324 verbose headers   'x-cache-hits': '0',
324 verbose headers   'x-timer': 'S1475837330.818591,VS0,VE98',
324 verbose headers   vary: 'Accept-Encoding' }
325 silly get cb [ 304,
325 silly get   { 'cache-control': 'max-age=300',
325 silly get     'accept-ranges': 'bytes',
325 silly get     date: 'Fri, 07 Oct 2016 10:48:50 GMT',
325 silly get     via: '1.1 varnish',
325 silly get     connection: 'keep-alive',
325 silly get     'x-served-by': 'cache-jfk8128-JFK',
325 silly get     'x-cache': 'MISS',
325 silly get     'x-cache-hits': '0',
325 silly get     'x-timer': 'S1475837330.818591,VS0,VE98',
325 silly get     vary: 'Accept-Encoding' } ]
326 verbose etag https://registry.npmjs.org/eventemitter3 from cache
327 verbose get saving eventemitter3 to /Users/roblav96/.npm/registry.npmjs.org/eventemitter3/.cache.json
328 verbose correctMkdir /Users/roblav96/.npm correctMkdir not in flight; initializing
329 silly cache add parsed spec Result {
329 silly cache add   raw: 'rxjs@latest',
329 silly cache add   scope: null,
329 silly cache add   escapedName: 'rxjs',
329 silly cache add   name: 'rxjs',
329 silly cache add   rawSpec: 'latest',
329 silly cache add   spec: 'latest',
329 silly cache add   type: 'tag' }
330 silly addNamed rxjs@latest
331 verbose addNamed "latest" is being treated as a dist-tag for rxjs
332 info addNameTag [ 'rxjs', 'latest' ]
333 silly mapToRegistry name rxjs
334 silly mapToRegistry using default registry
335 silly mapToRegistry registry https://registry.npmjs.org/
336 silly mapToRegistry data Result {
336 silly mapToRegistry   raw: 'rxjs',
336 silly mapToRegistry   scope: null,
336 silly mapToRegistry   escapedName: 'rxjs',
336 silly mapToRegistry   name: 'rxjs',
336 silly mapToRegistry   rawSpec: '',
336 silly mapToRegistry   spec: 'latest',
336 silly mapToRegistry   type: 'tag' }
337 silly mapToRegistry uri https://registry.npmjs.org/rxjs
338 verbose addNameTag registry:https://registry.npmjs.org/rxjs not in flight; fetching
339 http 304 https://registry.npmjs.org/nativescript-angular
340 verbose headers { 'cache-control': 'max-age=300',
340 verbose headers   'accept-ranges': 'bytes',
340 verbose headers   date: 'Fri, 07 Oct 2016 10:48:50 GMT',
340 verbose headers   via: '1.1 varnish',
340 verbose headers   connection: 'keep-alive',
340 verbose headers   'x-served-by': 'cache-jfk8147-JFK',
340 verbose headers   'x-cache': 'MISS',
340 verbose headers   'x-cache-hits': '0',
340 verbose headers   'x-timer': 'S1475837330.820123,VS0,VE101',
340 verbose headers   vary: 'Accept-Encoding' }
341 silly get cb [ 304,
341 silly get   { 'cache-control': 'max-age=300',
341 silly get     'accept-ranges': 'bytes',
341 silly get     date: 'Fri, 07 Oct 2016 10:48:50 GMT',
341 silly get     via: '1.1 varnish',
341 silly get     connection: 'keep-alive',
341 silly get     'x-served-by': 'cache-jfk8147-JFK',
341 silly get     'x-cache': 'MISS',
341 silly get     'x-cache-hits': '0',
341 silly get     'x-timer': 'S1475837330.820123,VS0,VE101',
341 silly get     vary: 'Accept-Encoding' } ]
342 verbose etag https://registry.npmjs.org/nativescript-angular from cache
343 verbose get saving nativescript-angular to /Users/roblav96/.npm/registry.npmjs.org/nativescript-angular/.cache.json
344 verbose correctMkdir /Users/roblav96/.npm correctMkdir not in flight; initializing
345 http 304 https://registry.npmjs.org/bluebird
346 verbose headers { 'cache-control': 'max-age=300',
346 verbose headers   'accept-ranges': 'bytes',
346 verbose headers   date: 'Fri, 07 Oct 2016 10:48:50 GMT',
346 verbose headers   via: '1.1 varnish',
346 verbose headers   connection: 'keep-alive',
346 verbose headers   'x-served-by': 'cache-jfk8143-JFK',
346 verbose headers   'x-cache': 'MISS',
346 verbose headers   'x-cache-hits': '0',
346 verbose headers   'x-timer': 'S1475837330.819019,VS0,VE102',
346 verbose headers   vary: 'Accept-Encoding' }
347 silly get cb [ 304,
347 silly get   { 'cache-control': 'max-age=300',
347 silly get     'accept-ranges': 'bytes',
347 silly get     date: 'Fri, 07 Oct 2016 10:48:50 GMT',
347 silly get     via: '1.1 varnish',
347 silly get     connection: 'keep-alive',
347 silly get     'x-served-by': 'cache-jfk8143-JFK',
347 silly get     'x-cache': 'MISS',
347 silly get     'x-cache-hits': '0',
347 silly get     'x-timer': 'S1475837330.819019,VS0,VE102',
347 silly get     vary: 'Accept-Encoding' } ]
348 verbose etag https://registry.npmjs.org/bluebird from cache
349 verbose get saving bluebird to /Users/roblav96/.npm/registry.npmjs.org/bluebird/.cache.json
350 verbose correctMkdir /Users/roblav96/.npm correctMkdir not in flight; initializing
351 http 304 https://registry.npmjs.org/moment
352 verbose headers { 'cache-control': 'max-age=300',
352 verbose headers   'accept-ranges': 'bytes',
352 verbose headers   date: 'Fri, 07 Oct 2016 10:48:50 GMT',
352 verbose headers   via: '1.1 varnish',
352 verbose headers   connection: 'keep-alive',
352 verbose headers   'x-served-by': 'cache-jfk8120-JFK',
352 verbose headers   'x-cache': 'MISS',
352 verbose headers   'x-cache-hits': '0',
352 verbose headers   'x-timer': 'S1475837330.818538,VS0,VE111',
352 verbose headers   vary: 'Accept-Encoding' }
353 silly get cb [ 304,
353 silly get   { 'cache-control': 'max-age=300',
353 silly get     'accept-ranges': 'bytes',
353 silly get     date: 'Fri, 07 Oct 2016 10:48:50 GMT',
353 silly get     via: '1.1 varnish',
353 silly get     connection: 'keep-alive',
353 silly get     'x-served-by': 'cache-jfk8120-JFK',
353 silly get     'x-cache': 'MISS',
353 silly get     'x-cache-hits': '0',
353 silly get     'x-timer': 'S1475837330.818538,VS0,VE111',
353 silly get     vary: 'Accept-Encoding' } ]
354 verbose etag https://registry.npmjs.org/moment from cache
355 verbose get saving moment to /Users/roblav96/.npm/registry.npmjs.org/moment/.cache.json
356 verbose correctMkdir /Users/roblav96/.npm correctMkdir not in flight; initializing
357 verbose get https://registry.npmjs.org/rxjs not expired, no request
358 silly addNameTag next cb for rxjs with tag latest
359 silly addNamed rxjs@5.0.0-beta.12
360 verbose addNamed "5.0.0-beta.12" is a plain semver version for rxjs
361 silly resolveWithNewModule eventemitter3@2.0.2 checking installable status
362 silly cache add args [ 'eventemitter3@latest', null ]
363 verbose cache add spec eventemitter3@latest
364 silly cache add parsed spec Result {
364 silly cache add   raw: 'eventemitter3@latest',
364 silly cache add   scope: null,
364 silly cache add   escapedName: 'eventemitter3',
364 silly cache add   name: 'eventemitter3',
364 silly cache add   rawSpec: 'latest',
364 silly cache add   spec: 'latest',
364 silly cache add   type: 'tag' }
365 silly addNamed eventemitter3@latest
366 verbose addNamed "latest" is being treated as a dist-tag for eventemitter3
367 info addNameTag [ 'eventemitter3', 'latest' ]
368 silly mapToRegistry name eventemitter3
369 silly mapToRegistry using default registry
370 silly mapToRegistry registry https://registry.npmjs.org/
371 silly mapToRegistry data Result {
371 silly mapToRegistry   raw: 'eventemitter3',
371 silly mapToRegistry   scope: null,
371 silly mapToRegistry   escapedName: 'eventemitter3',
371 silly mapToRegistry   name: 'eventemitter3',
371 silly mapToRegistry   rawSpec: '',
371 silly mapToRegistry   spec: 'latest',
371 silly mapToRegistry   type: 'tag' }
372 silly mapToRegistry uri https://registry.npmjs.org/eventemitter3
373 verbose addNameTag registry:https://registry.npmjs.org/eventemitter3 not in flight; fetching
374 silly resolveWithNewModule nativescript-angular@1.0.1 checking installable status
375 silly cache add args [ 'nativescript-angular@latest', null ]
376 verbose cache add spec nativescript-angular@latest
377 silly resolveWithNewModule bluebird@3.4.6 checking installable status
378 silly cache add args [ 'bluebird@latest', null ]
379 verbose cache add spec bluebird@latest
380 silly cache add parsed spec Result {
380 silly cache add   raw: 'nativescript-angular@latest',
380 silly cache add   scope: null,
380 silly cache add   escapedName: 'nativescript-angular',
380 silly cache add   name: 'nativescript-angular',
380 silly cache add   rawSpec: 'latest',
380 silly cache add   spec: 'latest',
380 silly cache add   type: 'tag' }
381 silly addNamed nativescript-angular@latest
382 verbose addNamed "latest" is being treated as a dist-tag for nativescript-angular
383 info addNameTag [ 'nativescript-angular', 'latest' ]
384 silly mapToRegistry name nativescript-angular
385 silly mapToRegistry using default registry
386 silly mapToRegistry registry https://registry.npmjs.org/
387 silly mapToRegistry data Result {
387 silly mapToRegistry   raw: 'nativescript-angular',
387 silly mapToRegistry   scope: null,
387 silly mapToRegistry   escapedName: 'nativescript-angular',
387 silly mapToRegistry   name: 'nativescript-angular',
387 silly mapToRegistry   rawSpec: '',
387 silly mapToRegistry   spec: 'latest',
387 silly mapToRegistry   type: 'tag' }
388 silly mapToRegistry uri https://registry.npmjs.org/nativescript-angular
389 verbose addNameTag registry:https://registry.npmjs.org/nativescript-angular not in flight; fetching
390 silly cache add parsed spec Result {
390 silly cache add   raw: 'bluebird@latest',
390 silly cache add   scope: null,
390 silly cache add   escapedName: 'bluebird',
390 silly cache add   name: 'bluebird',
390 silly cache add   rawSpec: 'latest',
390 silly cache add   spec: 'latest',
390 silly cache add   type: 'tag' }
391 silly addNamed bluebird@latest
392 verbose addNamed "latest" is being treated as a dist-tag for bluebird
393 info addNameTag [ 'bluebird', 'latest' ]
394 silly mapToRegistry name bluebird
395 silly mapToRegistry using default registry
396 silly mapToRegistry registry https://registry.npmjs.org/
397 silly mapToRegistry data Result {
397 silly mapToRegistry   raw: 'bluebird',
397 silly mapToRegistry   scope: null,
397 silly mapToRegistry   escapedName: 'bluebird',
397 silly mapToRegistry   name: 'bluebird',
397 silly mapToRegistry   rawSpec: '',
397 silly mapToRegistry   spec: 'latest',
397 silly mapToRegistry   type: 'tag' }
398 silly mapToRegistry uri https://registry.npmjs.org/bluebird
399 verbose addNameTag registry:https://registry.npmjs.org/bluebird not in flight; fetching
400 silly cache afterAdd rxjs@5.0.0-beta.12
401 verbose afterAdd /Users/roblav96/.npm/rxjs/5.0.0-beta.12/package/package.json not in flight; writing
402 verbose correctMkdir /Users/roblav96/.npm correctMkdir not in flight; initializing
403 silly resolveWithNewModule moment@2.15.1 checking installable status
404 silly cache add args [ 'moment@latest', null ]
405 verbose cache add spec moment@latest
406 silly cache add parsed spec Result {
406 silly cache add   raw: 'moment@latest',
406 silly cache add   scope: null,
406 silly cache add   escapedName: 'moment',
406 silly cache add   name: 'moment',
406 silly cache add   rawSpec: 'latest',
406 silly cache add   spec: 'latest',
406 silly cache add   type: 'tag' }
407 silly addNamed moment@latest
408 verbose addNamed "latest" is being treated as a dist-tag for moment
409 info addNameTag [ 'moment', 'latest' ]
410 silly mapToRegistry name moment
411 silly mapToRegistry using default registry
412 silly mapToRegistry registry https://registry.npmjs.org/
413 silly mapToRegistry data Result {
413 silly mapToRegistry   raw: 'moment',
413 silly mapToRegistry   scope: null,
413 silly mapToRegistry   escapedName: 'moment',
413 silly mapToRegistry   name: 'moment',
413 silly mapToRegistry   rawSpec: '',
413 silly mapToRegistry   spec: 'latest',
413 silly mapToRegistry   type: 'tag' }
414 silly mapToRegistry uri https://registry.npmjs.org/moment
415 verbose addNameTag registry:https://registry.npmjs.org/moment not in flight; fetching
416 verbose get https://registry.npmjs.org/eventemitter3 not expired, no request
417 silly addNameTag next cb for eventemitter3 with tag latest
418 silly addNamed eventemitter3@2.0.2
419 verbose addNamed "2.0.2" is a plain semver version for eventemitter3
420 verbose get https://registry.npmjs.org/nativescript-angular not expired, no request
421 silly addNameTag next cb for nativescript-angular with tag latest
422 silly addNamed nativescript-angular@1.0.1
423 verbose addNamed "1.0.1" is a plain semver version for nativescript-angular
424 verbose get https://registry.npmjs.org/bluebird not expired, no request
425 silly addNameTag next cb for bluebird with tag latest
426 silly addNamed bluebird@3.4.6
427 verbose addNamed "3.4.6" is a plain semver version for bluebird
428 http 304 https://registry.npmjs.org/@angular%2fcommon
429 verbose headers { 'cache-control': 'max-age=0',
429 verbose headers   'accept-ranges': 'bytes',
429 verbose headers   date: 'Fri, 07 Oct 2016 10:48:50 GMT',
429 verbose headers   via: '1.1 varnish',
429 verbose headers   connection: 'keep-alive',
429 verbose headers   'x-served-by': 'cache-jfk8148-JFK',
429 verbose headers   'x-cache': 'MISS',
429 verbose headers   'x-cache-hits': '0',
429 verbose headers   'x-timer': 'S1475837330.804826,VS0,VE160',
429 verbose headers   vary: 'Accept-Encoding' }
430 silly get cb [ 304,
430 silly get   { 'cache-control': 'max-age=0',
430 silly get     'accept-ranges': 'bytes',
430 silly get     date: 'Fri, 07 Oct 2016 10:48:50 GMT',
430 silly get     via: '1.1 varnish',
430 silly get     connection: 'keep-alive',
430 silly get     'x-served-by': 'cache-jfk8148-JFK',
430 silly get     'x-cache': 'MISS',
430 silly get     'x-cache-hits': '0',
430 silly get     'x-timer': 'S1475837330.804826,VS0,VE160',
430 silly get     vary: 'Accept-Encoding' } ]
431 verbose etag https://registry.npmjs.org/@angular%2fcommon from cache
432 verbose get saving @angular/common to /Users/roblav96/.npm/registry.npmjs.org/_40angular_252fcommon/.cache.json
433 verbose correctMkdir /Users/roblav96/.npm correctMkdir not in flight; initializing
434 http 304 https://registry.npmjs.org/@angular%2fplatform-browser
435 verbose headers { 'cache-control': 'max-age=0',
435 verbose headers   'accept-ranges': 'bytes',
435 verbose headers   date: 'Fri, 07 Oct 2016 10:48:50 GMT',
435 verbose headers   via: '1.1 varnish',
435 verbose headers   connection: 'keep-alive',
435 verbose headers   'x-served-by': 'cache-jfk8133-JFK',
435 verbose headers   'x-cache': 'MISS',
435 verbose headers   'x-cache-hits': '0',
435 verbose headers   'x-timer': 'S1475837330.805880,VS0,VE160',
435 verbose headers   vary: 'Accept-Encoding' }
436 silly get cb [ 304,
436 silly get   { 'cache-control': 'max-age=0',
436 silly get     'accept-ranges': 'bytes',
436 silly get     date: 'Fri, 07 Oct 2016 10:48:50 GMT',
436 silly get     via: '1.1 varnish',
436 silly get     connection: 'keep-alive',
436 silly get     'x-served-by': 'cache-jfk8133-JFK',
436 silly get     'x-cache': 'MISS',
436 silly get     'x-cache-hits': '0',
436 silly get     'x-timer': 'S1475837330.805880,VS0,VE160',
436 silly get     vary: 'Accept-Encoding' } ]
437 verbose etag https://registry.npmjs.org/@angular%2fplatform-browser from cache
438 verbose get saving @angular/platform-browser to /Users/roblav96/.npm/registry.npmjs.org/_40angular_252fplatform-browser/.cache.json
439 verbose correctMkdir /Users/roblav96/.npm correctMkdir not in flight; initializing
440 verbose get https://registry.npmjs.org/moment not expired, no request
441 silly addNameTag next cb for moment with tag latest
442 silly addNamed moment@2.15.1
443 verbose addNamed "2.15.1" is a plain semver version for moment
444 verbose afterAdd /Users/roblav96/.npm/rxjs/5.0.0-beta.12/package/package.json written
445 http 304 https://registry.npmjs.org/@angular%2fforms
446 verbose headers { 'cache-control': 'max-age=0',
446 verbose headers   'accept-ranges': 'bytes',
446 verbose headers   date: 'Fri, 07 Oct 2016 10:48:50 GMT',
446 verbose headers   via: '1.1 varnish',
446 verbose headers   connection: 'keep-alive',
446 verbose headers   'x-served-by': 'cache-jfk8123-JFK',
446 verbose headers   'x-cache': 'MISS',
446 verbose headers   'x-cache-hits': '0',
446 verbose headers   'x-timer': 'S1475837330.805259,VS0,VE166',
446 verbose headers   vary: 'Accept-Encoding' }
447 silly get cb [ 304,
447 silly get   { 'cache-control': 'max-age=0',
447 silly get     'accept-ranges': 'bytes',
447 silly get     date: 'Fri, 07 Oct 2016 10:48:50 GMT',
447 silly get     via: '1.1 varnish',
447 silly get     connection: 'keep-alive',
447 silly get     'x-served-by': 'cache-jfk8123-JFK',
447 silly get     'x-cache': 'MISS',
447 silly get     'x-cache-hits': '0',
447 silly get     'x-timer': 'S1475837330.805259,VS0,VE166',
447 silly get     vary: 'Accept-Encoding' } ]
448 verbose etag https://registry.npmjs.org/@angular%2fforms from cache
449 verbose get saving @angular/forms to /Users/roblav96/.npm/registry.npmjs.org/_40angular_252fforms/.cache.json
450 verbose correctMkdir /Users/roblav96/.npm correctMkdir not in flight; initializing
451 silly cache afterAdd eventemitter3@2.0.2
452 verbose afterAdd /Users/roblav96/.npm/eventemitter3/2.0.2/package/package.json not in flight; writing
453 verbose correctMkdir /Users/roblav96/.npm correctMkdir not in flight; initializing
454 silly cache afterAdd nativescript-angular@1.0.1
455 verbose afterAdd /Users/roblav96/.npm/nativescript-angular/1.0.1/package/package.json not in flight; writing
456 verbose correctMkdir /Users/roblav96/.npm correctMkdir not in flight; initializing
457 silly cache afterAdd bluebird@3.4.6
458 verbose afterAdd /Users/roblav96/.npm/bluebird/3.4.6/package/package.json not in flight; writing
459 verbose correctMkdir /Users/roblav96/.npm correctMkdir not in flight; initializing
460 http 304 https://registry.npmjs.org/@angular%2frouter
461 verbose headers { 'cache-control': 'max-age=0',
461 verbose headers   'accept-ranges': 'bytes',
461 verbose headers   date: 'Fri, 07 Oct 2016 10:48:50 GMT',
461 verbose headers   via: '1.1 varnish',
461 verbose headers   connection: 'keep-alive',
461 verbose headers   'x-served-by': 'cache-jfk8130-JFK',
461 verbose headers   'x-cache': 'MISS',
461 verbose headers   'x-cache-hits': '0',
461 verbose headers   'x-timer': 'S1475837330.814429,VS0,VE163',
461 verbose headers   vary: 'Accept-Encoding' }
462 silly get cb [ 304,
462 silly get   { 'cache-control': 'max-age=0',
462 silly get     'accept-ranges': 'bytes',
462 silly get     date: 'Fri, 07 Oct 2016 10:48:50 GMT',
462 silly get     via: '1.1 varnish',
462 silly get     connection: 'keep-alive',
462 silly get     'x-served-by': 'cache-jfk8130-JFK',
462 silly get     'x-cache': 'MISS',
462 silly get     'x-cache-hits': '0',
462 silly get     'x-timer': 'S1475837330.814429,VS0,VE163',
462 silly get     vary: 'Accept-Encoding' } ]
463 verbose etag https://registry.npmjs.org/@angular%2frouter from cache
464 verbose get saving @angular/router to /Users/roblav96/.npm/registry.npmjs.org/_40angular_252frouter/.cache.json
465 verbose correctMkdir /Users/roblav96/.npm correctMkdir not in flight; initializing
466 http 304 https://registry.npmjs.org/@angular%2fplatform-browser-dynamic
467 verbose headers { 'cache-control': 'max-age=0',
467 verbose headers   'accept-ranges': 'bytes',
467 verbose headers   date: 'Fri, 07 Oct 2016 10:48:50 GMT',
467 verbose headers   via: '1.1 varnish',
467 verbose headers   connection: 'keep-alive',
467 verbose headers   'x-served-by': 'cache-jfk8136-JFK',
467 verbose headers   'x-cache': 'MISS',
467 verbose headers   'x-cache-hits': '0',
467 verbose headers   'x-timer': 'S1475837330.814443,VS0,VE164',
467 verbose headers   vary: 'Accept-Encoding' }
468 silly get cb [ 304,
468 silly get   { 'cache-control': 'max-age=0',
468 silly get     'accept-ranges': 'bytes',
468 silly get     date: 'Fri, 07 Oct 2016 10:48:50 GMT',
468 silly get     via: '1.1 varnish',
468 silly get     connection: 'keep-alive',
468 silly get     'x-served-by': 'cache-jfk8136-JFK',
468 silly get     'x-cache': 'MISS',
468 silly get     'x-cache-hits': '0',
468 silly get     'x-timer': 'S1475837330.814443,VS0,VE164',
468 silly get     vary: 'Accept-Encoding' } ]
469 verbose etag https://registry.npmjs.org/@angular%2fplatform-browser-dynamic from cache
470 verbose get saving @angular/platform-browser-dynamic to /Users/roblav96/.npm/registry.npmjs.org/_40angular_252fplatform-browser-dynamic/.cache.json
471 verbose correctMkdir /Users/roblav96/.npm correctMkdir not in flight; initializing
472 silly cache afterAdd moment@2.15.1
473 verbose afterAdd /Users/roblav96/.npm/moment/2.15.1/package/package.json not in flight; writing
474 verbose correctMkdir /Users/roblav96/.npm correctMkdir not in flight; initializing
475 verbose afterAdd /Users/roblav96/.npm/eventemitter3/2.0.2/package/package.json written
476 silly resolveWithNewModule @angular/platform-browser@2.0.2 checking installable status
477 silly cache add args [ '@angular/platform-browser@latest', null ]
478 verbose cache add spec @angular/platform-browser@latest
479 silly resolveWithNewModule @angular/common@2.0.2 checking installable status
480 silly cache add args [ '@angular/common@latest', null ]
481 verbose cache add spec @angular/common@latest
482 silly cache add parsed spec Result {
482 silly cache add   raw: '@angular/platform-browser@latest',
482 silly cache add   scope: '@angular',
482 silly cache add   escapedName: '@angular%2fplatform-browser',
482 silly cache add   name: '@angular/platform-browser',
482 silly cache add   rawSpec: 'latest',
482 silly cache add   spec: 'latest',
482 silly cache add   type: 'tag' }
483 silly addNamed @angular/platform-browser@latest
484 verbose addNamed "latest" is being treated as a dist-tag for @angular/platform-browser
485 info addNameTag [ '@angular/platform-browser', 'latest' ]
486 silly mapToRegistry name @angular/platform-browser
487 silly mapToRegistry scope (from package name) @angular
488 verbose mapToRegistry no registry URL found in name for scope @angular
489 silly mapToRegistry using default registry
490 silly mapToRegistry registry https://registry.npmjs.org/
491 silly mapToRegistry data Result {
491 silly mapToRegistry   raw: '@angular/platform-browser',
491 silly mapToRegistry   scope: '@angular',
491 silly mapToRegistry   escapedName: '@angular%2fplatform-browser',
491 silly mapToRegistry   name: '@angular/platform-browser',
491 silly mapToRegistry   rawSpec: '',
491 silly mapToRegistry   spec: 'latest',
491 silly mapToRegistry   type: 'tag' }
492 silly mapToRegistry uri https://registry.npmjs.org/@angular%2fplatform-browser
493 verbose addNameTag registry:https://registry.npmjs.org/@angular%2fplatform-browser not in flight; fetching
494 silly cache add parsed spec Result {
494 silly cache add   raw: '@angular/common@latest',
494 silly cache add   scope: '@angular',
494 silly cache add   escapedName: '@angular%2fcommon',
494 silly cache add   name: '@angular/common',
494 silly cache add   rawSpec: 'latest',
494 silly cache add   spec: 'latest',
494 silly cache add   type: 'tag' }
495 silly addNamed @angular/common@latest
496 verbose addNamed "latest" is being treated as a dist-tag for @angular/common
497 info addNameTag [ '@angular/common', 'latest' ]
498 silly mapToRegistry name @angular/common
499 silly mapToRegistry scope (from package name) @angular
500 verbose mapToRegistry no registry URL found in name for scope @angular
501 silly mapToRegistry using default registry
502 silly mapToRegistry registry https://registry.npmjs.org/
503 silly mapToRegistry data Result {
503 silly mapToRegistry   raw: '@angular/common',
503 silly mapToRegistry   scope: '@angular',
503 silly mapToRegistry   escapedName: '@angular%2fcommon',
503 silly mapToRegistry   name: '@angular/common',
503 silly mapToRegistry   rawSpec: '',
503 silly mapToRegistry   spec: 'latest',
503 silly mapToRegistry   type: 'tag' }
504 silly mapToRegistry uri https://registry.npmjs.org/@angular%2fcommon
505 verbose addNameTag registry:https://registry.npmjs.org/@angular%2fcommon not in flight; fetching
506 verbose afterAdd /Users/roblav96/.npm/nativescript-angular/1.0.1/package/package.json written
507 verbose afterAdd /Users/roblav96/.npm/bluebird/3.4.6/package/package.json written
508 silly resolveWithNewModule @angular/forms@2.0.2 checking installable status
509 silly cache add args [ '@angular/forms@latest', null ]
510 verbose cache add spec @angular/forms@latest
511 silly cache add parsed spec Result {
511 silly cache add   raw: '@angular/forms@latest',
511 silly cache add   scope: '@angular',
511 silly cache add   escapedName: '@angular%2fforms',
511 silly cache add   name: '@angular/forms',
511 silly cache add   rawSpec: 'latest',
511 silly cache add   spec: 'latest',
511 silly cache add   type: 'tag' }
512 silly addNamed @angular/forms@latest
513 verbose addNamed "latest" is being treated as a dist-tag for @angular/forms
514 info addNameTag [ '@angular/forms', 'latest' ]
515 silly mapToRegistry name @angular/forms
516 silly mapToRegistry scope (from package name) @angular
517 verbose mapToRegistry no registry URL found in name for scope @angular
518 silly mapToRegistry using default registry
519 silly mapToRegistry registry https://registry.npmjs.org/
520 silly mapToRegistry data Result {
520 silly mapToRegistry   raw: '@angular/forms',
520 silly mapToRegistry   scope: '@angular',
520 silly mapToRegistry   escapedName: '@angular%2fforms',
520 silly mapToRegistry   name: '@angular/forms',
520 silly mapToRegistry   rawSpec: '',
520 silly mapToRegistry   spec: 'latest',
520 silly mapToRegistry   type: 'tag' }
521 silly mapToRegistry uri https://registry.npmjs.org/@angular%2fforms
522 verbose addNameTag registry:https://registry.npmjs.org/@angular%2fforms not in flight; fetching
523 verbose afterAdd /Users/roblav96/.npm/moment/2.15.1/package/package.json written
524 silly resolveWithNewModule @angular/platform-browser-dynamic@2.0.2 checking installable status
525 silly cache add args [ '@angular/platform-browser-dynamic@latest', null ]
526 verbose cache add spec @angular/platform-browser-dynamic@latest
527 silly resolveWithNewModule @angular/router@3.0.2 checking installable status
528 silly cache add args [ '@angular/router@latest', null ]
529 verbose cache add spec @angular/router@latest
530 silly cache add parsed spec Result {
530 silly cache add   raw: '@angular/platform-browser-dynamic@latest',
530 silly cache add   scope: '@angular',
530 silly cache add   escapedName: '@angular%2fplatform-browser-dynamic',
530 silly cache add   name: '@angular/platform-browser-dynamic',
530 silly cache add   rawSpec: 'latest',
530 silly cache add   spec: 'latest',
530 silly cache add   type: 'tag' }
531 silly addNamed @angular/platform-browser-dynamic@latest
532 verbose addNamed "latest" is being treated as a dist-tag for @angular/platform-browser-dynamic
533 info addNameTag [ '@angular/platform-browser-dynamic', 'latest' ]
534 silly mapToRegistry name @angular/platform-browser-dynamic
535 silly mapToRegistry scope (from package name) @angular
536 verbose mapToRegistry no registry URL found in name for scope @angular
537 silly mapToRegistry using default registry
538 silly mapToRegistry registry https://registry.npmjs.org/
539 silly mapToRegistry data Result {
539 silly mapToRegistry   raw: '@angular/platform-browser-dynamic',
539 silly mapToRegistry   scope: '@angular',
539 silly mapToRegistry   escapedName: '@angular%2fplatform-browser-dynamic',
539 silly mapToRegistry   name: '@angular/platform-browser-dynamic',
539 silly mapToRegistry   rawSpec: '',
539 silly mapToRegistry   spec: 'latest',
539 silly mapToRegistry   type: 'tag' }
540 silly mapToRegistry uri https://registry.npmjs.org/@angular%2fplatform-browser-dynamic
541 verbose addNameTag registry:https://registry.npmjs.org/@angular%2fplatform-browser-dynamic not in flight; fetching
542 verbose get https://registry.npmjs.org/@angular%2fplatform-browser not expired, no request
543 silly addNameTag next cb for @angular/platform-browser with tag latest
544 silly addNamed @angular/platform-browser@2.0.2
545 verbose addNamed "2.0.2" is a plain semver version for @angular/platform-browser
546 silly cache add parsed spec Result {
546 silly cache add   raw: '@angular/router@latest',
546 silly cache add   scope: '@angular',
546 silly cache add   escapedName: '@angular%2frouter',
546 silly cache add   name: '@angular/router',
546 silly cache add   rawSpec: 'latest',
546 silly cache add   spec: 'latest',
546 silly cache add   type: 'tag' }
547 silly addNamed @angular/router@latest
548 verbose addNamed "latest" is being treated as a dist-tag for @angular/router
549 info addNameTag [ '@angular/router', 'latest' ]
550 silly mapToRegistry name @angular/router
551 silly mapToRegistry scope (from package name) @angular
552 verbose mapToRegistry no registry URL found in name for scope @angular
553 silly mapToRegistry using default registry
554 silly mapToRegistry registry https://registry.npmjs.org/
555 silly mapToRegistry data Result {
555 silly mapToRegistry   raw: '@angular/router',
555 silly mapToRegistry   scope: '@angular',
555 silly mapToRegistry   escapedName: '@angular%2frouter',
555 silly mapToRegistry   name: '@angular/router',
555 silly mapToRegistry   rawSpec: '',
555 silly mapToRegistry   spec: 'latest',
555 silly mapToRegistry   type: 'tag' }
556 silly mapToRegistry uri https://registry.npmjs.org/@angular%2frouter
557 verbose addNameTag registry:https://registry.npmjs.org/@angular%2frouter not in flight; fetching
558 verbose get https://registry.npmjs.org/@angular%2fcommon not expired, no request
559 silly addNameTag next cb for @angular/common with tag latest
560 silly addNamed @angular/common@2.0.2
561 verbose addNamed "2.0.2" is a plain semver version for @angular/common
562 verbose get https://registry.npmjs.org/@angular%2fforms not expired, no request
563 silly addNameTag next cb for @angular/forms with tag latest
564 silly addNamed @angular/forms@2.0.2
565 verbose addNamed "2.0.2" is a plain semver version for @angular/forms
566 verbose get https://registry.npmjs.org/@angular%2fplatform-browser-dynamic not expired, no request
567 silly addNameTag next cb for @angular/platform-browser-dynamic with tag latest
568 silly addNamed @angular/platform-browser-dynamic@2.0.2
569 verbose addNamed "2.0.2" is a plain semver version for @angular/platform-browser-dynamic
570 verbose get https://registry.npmjs.org/@angular%2frouter not expired, no request
571 silly addNameTag next cb for @angular/router with tag latest
572 silly addNamed @angular/router@3.0.2
573 verbose addNamed "3.0.2" is a plain semver version for @angular/router
574 silly cache afterAdd @angular/platform-browser@2.0.2
575 verbose afterAdd /Users/roblav96/.npm/@angular/platform-browser/2.0.2/package/package.json not in flight; writing
576 verbose correctMkdir /Users/roblav96/.npm correctMkdir not in flight; initializing
577 silly cache afterAdd @angular/common@2.0.2
578 verbose afterAdd /Users/roblav96/.npm/@angular/common/2.0.2/package/package.json not in flight; writing
579 verbose correctMkdir /Users/roblav96/.npm correctMkdir not in flight; initializing
580 silly cache afterAdd @angular/forms@2.0.2
581 verbose afterAdd /Users/roblav96/.npm/@angular/forms/2.0.2/package/package.json not in flight; writing
582 verbose correctMkdir /Users/roblav96/.npm correctMkdir not in flight; initializing
583 silly cache afterAdd @angular/platform-browser-dynamic@2.0.2
584 verbose afterAdd /Users/roblav96/.npm/@angular/platform-browser-dynamic/2.0.2/package/package.json not in flight; writing
585 verbose correctMkdir /Users/roblav96/.npm correctMkdir not in flight; initializing
586 verbose afterAdd /Users/roblav96/.npm/@angular/platform-browser/2.0.2/package/package.json written
587 silly cache afterAdd @angular/router@3.0.2
588 verbose afterAdd /Users/roblav96/.npm/@angular/router/3.0.2/package/package.json not in flight; writing
589 verbose correctMkdir /Users/roblav96/.npm correctMkdir not in flight; initializing
590 verbose afterAdd /Users/roblav96/.npm/@angular/common/2.0.2/package/package.json written
591 verbose afterAdd /Users/roblav96/.npm/@angular/forms/2.0.2/package/package.json written
592 verbose afterAdd /Users/roblav96/.npm/@angular/platform-browser-dynamic/2.0.2/package/package.json written
593 verbose afterAdd /Users/roblav96/.npm/@angular/router/3.0.2/package/package.json written
594 http 304 https://registry.npmjs.org/ansistyles
595 verbose headers { 'cache-control': 'max-age=300',
595 verbose headers   'accept-ranges': 'bytes',
595 verbose headers   date: 'Fri, 07 Oct 2016 10:48:51 GMT',
595 verbose headers   via: '1.1 varnish',
595 verbose headers   connection: 'keep-alive',
595 verbose headers   'x-served-by': 'cache-jfk8148-JFK',
595 verbose headers   'x-cache': 'MISS',
595 verbose headers   'x-cache-hits': '0',
595 verbose headers   'x-timer': 'S1475837330.818988,VS0,VE398',
595 verbose headers   vary: 'Accept-Encoding' }
596 silly get cb [ 304,
596 silly get   { 'cache-control': 'max-age=300',
596 silly get     'accept-ranges': 'bytes',
596 silly get     date: 'Fri, 07 Oct 2016 10:48:51 GMT',
596 silly get     via: '1.1 varnish',
596 silly get     connection: 'keep-alive',
596 silly get     'x-served-by': 'cache-jfk8148-JFK',
596 silly get     'x-cache': 'MISS',
596 silly get     'x-cache-hits': '0',
596 silly get     'x-timer': 'S1475837330.818988,VS0,VE398',
596 silly get     vary: 'Accept-Encoding' } ]
597 verbose etag https://registry.npmjs.org/ansistyles from cache
598 verbose get saving ansistyles to /Users/roblav96/.npm/registry.npmjs.org/ansistyles/.cache.json
599 verbose correctMkdir /Users/roblav96/.npm correctMkdir not in flight; initializing
600 silly resolveWithNewModule ansistyles@0.1.3 checking installable status
601 silly cache add args [ 'ansistyles@latest', null ]
602 verbose cache add spec ansistyles@latest
603 silly cache add parsed spec Result {
603 silly cache add   raw: 'ansistyles@latest',
603 silly cache add   scope: null,
603 silly cache add   escapedName: 'ansistyles',
603 silly cache add   name: 'ansistyles',
603 silly cache add   rawSpec: 'latest',
603 silly cache add   spec: 'latest',
603 silly cache add   type: 'tag' }
604 silly addNamed ansistyles@latest
605 verbose addNamed "latest" is being treated as a dist-tag for ansistyles
606 info addNameTag [ 'ansistyles', 'latest' ]
607 silly mapToRegistry name ansistyles
608 silly mapToRegistry using default registry
609 silly mapToRegistry registry https://registry.npmjs.org/
610 silly mapToRegistry data Result {
610 silly mapToRegistry   raw: 'ansistyles',
610 silly mapToRegistry   scope: null,
610 silly mapToRegistry   escapedName: 'ansistyles',
610 silly mapToRegistry   name: 'ansistyles',
610 silly mapToRegistry   rawSpec: '',
610 silly mapToRegistry   spec: 'latest',
610 silly mapToRegistry   type: 'tag' }
611 silly mapToRegistry uri https://registry.npmjs.org/ansistyles
612 verbose addNameTag registry:https://registry.npmjs.org/ansistyles not in flight; fetching
613 verbose get https://registry.npmjs.org/ansistyles not expired, no request
614 silly addNameTag next cb for ansistyles with tag latest
615 silly addNamed ansistyles@0.1.3
616 verbose addNamed "0.1.3" is a plain semver version for ansistyles
617 silly cache afterAdd ansistyles@0.1.3
618 verbose afterAdd /Users/roblav96/.npm/ansistyles/0.1.3/package/package.json not in flight; writing
619 verbose correctMkdir /Users/roblav96/.npm correctMkdir not in flight; initializing
620 verbose afterAdd /Users/roblav96/.npm/ansistyles/0.1.3/package/package.json written
621 http 200 https://registry.npmjs.org/tns-core-modules
622 verbose headers { server: 'CouchDB/1.5.0 (Erlang OTP/R16B03)',
622 verbose headers   etag: '"6YKU94ARU663MTIOYOEYYCOLL"',
622 verbose headers   'content-type': 'application/json',
622 verbose headers   'content-encoding': 'gzip',
622 verbose headers   'cache-control': 'max-age=300',
622 verbose headers   'transfer-encoding': 'chunked',
622 verbose headers   'accept-ranges': 'bytes',
622 verbose headers   date: 'Fri, 07 Oct 2016 10:48:51 GMT',
622 verbose headers   via: '1.1 varnish',
622 verbose headers   connection: 'keep-alive',
622 verbose headers   'x-served-by': 'cache-jfk8150-JFK',
622 verbose headers   'x-cache': 'MISS',
622 verbose headers   'x-cache-hits': '0',
622 verbose headers   'x-timer': 'S1475837330.818914,VS0,VE247',
622 verbose headers   vary: 'Accept-Encoding' }
623 silly get cb [ 200,
623 silly get   { server: 'CouchDB/1.5.0 (Erlang OTP/R16B03)',
623 silly get     etag: '"6YKU94ARU663MTIOYOEYYCOLL"',
623 silly get     'content-type': 'application/json',
623 silly get     'content-encoding': 'gzip',
623 silly get     'cache-control': 'max-age=300',
623 silly get     'transfer-encoding': 'chunked',
623 silly get     'accept-ranges': 'bytes',
623 silly get     date: 'Fri, 07 Oct 2016 10:48:51 GMT',
623 silly get     via: '1.1 varnish',
623 silly get     connection: 'keep-alive',
623 silly get     'x-served-by': 'cache-jfk8150-JFK',
623 silly get     'x-cache': 'MISS',
623 silly get     'x-cache-hits': '0',
623 silly get     'x-timer': 'S1475837330.818914,VS0,VE247',
623 silly get     vary: 'Accept-Encoding' } ]
624 verbose get saving tns-core-modules to /Users/roblav96/.npm/registry.npmjs.org/tns-core-modules/.cache.json
625 verbose correctMkdir /Users/roblav96/.npm correctMkdir not in flight; initializing
626 silly resolveWithNewModule tns-core-modules@2.3.0 checking installable status
627 silly cache add args [ 'tns-core-modules@latest', null ]
628 verbose cache add spec tns-core-modules@latest
629 silly cache add parsed spec Result {
629 silly cache add   raw: 'tns-core-modules@latest',
629 silly cache add   scope: null,
629 silly cache add   escapedName: 'tns-core-modules',
629 silly cache add   name: 'tns-core-modules',
629 silly cache add   rawSpec: 'latest',
629 silly cache add   spec: 'latest',
629 silly cache add   type: 'tag' }
630 silly addNamed tns-core-modules@latest
631 verbose addNamed "latest" is being treated as a dist-tag for tns-core-modules
632 info addNameTag [ 'tns-core-modules', 'latest' ]
633 silly mapToRegistry name tns-core-modules
634 silly mapToRegistry using default registry
635 silly mapToRegistry registry https://registry.npmjs.org/
636 silly mapToRegistry data Result {
636 silly mapToRegistry   raw: 'tns-core-modules',
636 silly mapToRegistry   scope: null,
636 silly mapToRegistry   escapedName: 'tns-core-modules',
636 silly mapToRegistry   name: 'tns-core-modules',
636 silly mapToRegistry   rawSpec: '',
636 silly mapToRegistry   spec: 'latest',
636 silly mapToRegistry   type: 'tag' }
637 silly mapToRegistry uri https://registry.npmjs.org/tns-core-modules
638 verbose addNameTag registry:https://registry.npmjs.org/tns-core-modules not in flight; fetching
639 verbose get https://registry.npmjs.org/tns-core-modules not expired, no request
640 silly addNameTag next cb for tns-core-modules with tag latest
641 silly addNamed tns-core-modules@2.3.0
642 verbose addNamed "2.3.0" is a plain semver version for tns-core-modules
643 silly cache afterAdd tns-core-modules@2.3.0
644 verbose afterAdd /Users/roblav96/.npm/tns-core-modules/2.3.0/package/package.json not in flight; writing
645 verbose correctMkdir /Users/roblav96/.npm correctMkdir not in flight; initializing
646 verbose afterAdd /Users/roblav96/.npm/tns-core-modules/2.3.0/package/package.json written
647 http 304 https://registry.npmjs.org/@angular%2fcore
648 verbose headers { 'cache-control': 'max-age=0',
648 verbose headers   'accept-ranges': 'bytes',
648 verbose headers   date: 'Fri, 07 Oct 2016 10:48:51 GMT',
648 verbose headers   via: '1.1 varnish',
648 verbose headers   connection: 'keep-alive',
648 verbose headers   'x-served-by': 'cache-jfk8127-JFK',
648 verbose headers   'x-cache': 'MISS',
648 verbose headers   'x-cache-hits': '0',
648 verbose headers   'x-timer': 'S1475837330.810258,VS0,VE554',
648 verbose headers   vary: 'Accept-Encoding' }
649 silly get cb [ 304,
649 silly get   { 'cache-control': 'max-age=0',
649 silly get     'accept-ranges': 'bytes',
649 silly get     date: 'Fri, 07 Oct 2016 10:48:51 GMT',
649 silly get     via: '1.1 varnish',
649 silly get     connection: 'keep-alive',
649 silly get     'x-served-by': 'cache-jfk8127-JFK',
649 silly get     'x-cache': 'MISS',
649 silly get     'x-cache-hits': '0',
649 silly get     'x-timer': 'S1475837330.810258,VS0,VE554',
649 silly get     vary: 'Accept-Encoding' } ]
650 verbose etag https://registry.npmjs.org/@angular%2fcore from cache
651 verbose get saving @angular/core to /Users/roblav96/.npm/registry.npmjs.org/_40angular_252fcore/.cache.json
652 verbose correctMkdir /Users/roblav96/.npm correctMkdir not in flight; initializing
653 silly resolveWithNewModule @angular/core@2.0.2 checking installable status
654 silly cache add args [ '@angular/core@latest', null ]
655 verbose cache add spec @angular/core@latest
656 silly cache add parsed spec Result {
656 silly cache add   raw: '@angular/core@latest',
656 silly cache add   scope: '@angular',
656 silly cache add   escapedName: '@angular%2fcore',
656 silly cache add   name: '@angular/core',
656 silly cache add   rawSpec: 'latest',
656 silly cache add   spec: 'latest',
656 silly cache add   type: 'tag' }
657 silly addNamed @angular/core@latest
658 verbose addNamed "latest" is being treated as a dist-tag for @angular/core
659 info addNameTag [ '@angular/core', 'latest' ]
660 silly mapToRegistry name @angular/core
661 silly mapToRegistry scope (from package name) @angular
662 verbose mapToRegistry no registry URL found in name for scope @angular
663 silly mapToRegistry using default registry
664 silly mapToRegistry registry https://registry.npmjs.org/
665 silly mapToRegistry data Result {
665 silly mapToRegistry   raw: '@angular/core',
665 silly mapToRegistry   scope: '@angular',
665 silly mapToRegistry   escapedName: '@angular%2fcore',
665 silly mapToRegistry   name: '@angular/core',
665 silly mapToRegistry   rawSpec: '',
665 silly mapToRegistry   spec: 'latest',
665 silly mapToRegistry   type: 'tag' }
666 silly mapToRegistry uri https://registry.npmjs.org/@angular%2fcore
667 verbose addNameTag registry:https://registry.npmjs.org/@angular%2fcore not in flight; fetching
668 http 304 https://registry.npmjs.org/@angular%2fcompiler
669 verbose headers { 'cache-control': 'max-age=0',
669 verbose headers   'accept-ranges': 'bytes',
669 verbose headers   date: 'Fri, 07 Oct 2016 10:48:51 GMT',
669 verbose headers   via: '1.1 varnish',
669 verbose headers   connection: 'keep-alive',
669 verbose headers   'x-served-by': 'cache-jfk8125-JFK',
669 verbose headers   'x-cache': 'MISS',
669 verbose headers   'x-cache-hits': '0',
669 verbose headers   'x-timer': 'S1475837330.805960,VS0,VE575',
669 verbose headers   vary: 'Accept-Encoding' }
670 silly get cb [ 304,
670 silly get   { 'cache-control': 'max-age=0',
670 silly get     'accept-ranges': 'bytes',
670 silly get     date: 'Fri, 07 Oct 2016 10:48:51 GMT',
670 silly get     via: '1.1 varnish',
670 silly get     connection: 'keep-alive',
670 silly get     'x-served-by': 'cache-jfk8125-JFK',
670 silly get     'x-cache': 'MISS',
670 silly get     'x-cache-hits': '0',
670 silly get     'x-timer': 'S1475837330.805960,VS0,VE575',
670 silly get     vary: 'Accept-Encoding' } ]
671 verbose etag https://registry.npmjs.org/@angular%2fcompiler from cache
672 verbose get saving @angular/compiler to /Users/roblav96/.npm/registry.npmjs.org/_40angular_252fcompiler/.cache.json
673 verbose correctMkdir /Users/roblav96/.npm correctMkdir not in flight; initializing
674 verbose get https://registry.npmjs.org/@angular%2fcore not expired, no request
675 silly addNameTag next cb for @angular/core with tag latest
676 silly addNamed @angular/core@2.0.2
677 verbose addNamed "2.0.2" is a plain semver version for @angular/core
678 silly resolveWithNewModule @angular/compiler@2.0.2 checking installable status
679 silly cache add args [ '@angular/compiler@latest', null ]
680 verbose cache add spec @angular/compiler@latest
681 silly cache add parsed spec Result {
681 silly cache add   raw: '@angular/compiler@latest',
681 silly cache add   scope: '@angular',
681 silly cache add   escapedName: '@angular%2fcompiler',
681 silly cache add   name: '@angular/compiler',
681 silly cache add   rawSpec: 'latest',
681 silly cache add   spec: 'latest',
681 silly cache add   type: 'tag' }
682 silly addNamed @angular/compiler@latest
683 verbose addNamed "latest" is being treated as a dist-tag for @angular/compiler
684 info addNameTag [ '@angular/compiler', 'latest' ]
685 silly mapToRegistry name @angular/compiler
686 silly mapToRegistry scope (from package name) @angular
687 verbose mapToRegistry no registry URL found in name for scope @angular
688 silly mapToRegistry using default registry
689 silly mapToRegistry registry https://registry.npmjs.org/
690 silly mapToRegistry data Result {
690 silly mapToRegistry   raw: '@angular/compiler',
690 silly mapToRegistry   scope: '@angular',
690 silly mapToRegistry   escapedName: '@angular%2fcompiler',
690 silly mapToRegistry   name: '@angular/compiler',
690 silly mapToRegistry   rawSpec: '',
690 silly mapToRegistry   spec: 'latest',
690 silly mapToRegistry   type: 'tag' }
691 silly mapToRegistry uri https://registry.npmjs.org/@angular%2fcompiler
692 verbose addNameTag registry:https://registry.npmjs.org/@angular%2fcompiler not in flight; fetching
693 silly cache afterAdd @angular/core@2.0.2
694 verbose afterAdd /Users/roblav96/.npm/@angular/core/2.0.2/package/package.json not in flight; writing
695 verbose correctMkdir /Users/roblav96/.npm correctMkdir not in flight; initializing
696 http 304 https://registry.npmjs.org/@angular%2fplatform-server
697 verbose headers { 'cache-control': 'max-age=0',
697 verbose headers   'accept-ranges': 'bytes',
697 verbose headers   date: 'Fri, 07 Oct 2016 10:48:51 GMT',
697 verbose headers   via: '1.1 varnish',
697 verbose headers   connection: 'keep-alive',
697 verbose headers   'x-served-by': 'cache-jfk8148-JFK',
697 verbose headers   'x-cache': 'MISS',
697 verbose headers   'x-cache-hits': '0',
697 verbose headers   'x-timer': 'S1475837330.811228,VS0,VE599',
697 verbose headers   vary: 'Accept-Encoding' }
698 silly get cb [ 304,
698 silly get   { 'cache-control': 'max-age=0',
698 silly get     'accept-ranges': 'bytes',
698 silly get     date: 'Fri, 07 Oct 2016 10:48:51 GMT',
698 silly get     via: '1.1 varnish',
698 silly get     connection: 'keep-alive',
698 silly get     'x-served-by': 'cache-jfk8148-JFK',
698 silly get     'x-cache': 'MISS',
698 silly get     'x-cache-hits': '0',
698 silly get     'x-timer': 'S1475837330.811228,VS0,VE599',
698 silly get     vary: 'Accept-Encoding' } ]
699 verbose etag https://registry.npmjs.org/@angular%2fplatform-server from cache
700 verbose get saving @angular/platform-server to /Users/roblav96/.npm/registry.npmjs.org/_40angular_252fplatform-server/.cache.json
701 verbose correctMkdir /Users/roblav96/.npm correctMkdir not in flight; initializing
702 verbose get https://registry.npmjs.org/@angular%2fcompiler not expired, no request
703 silly addNameTag next cb for @angular/compiler with tag latest
704 silly addNamed @angular/compiler@2.0.2
705 verbose addNamed "2.0.2" is a plain semver version for @angular/compiler
706 verbose afterAdd /Users/roblav96/.npm/@angular/core/2.0.2/package/package.json written
707 silly cache afterAdd @angular/compiler@2.0.2
708 verbose afterAdd /Users/roblav96/.npm/@angular/compiler/2.0.2/package/package.json not in flight; writing
709 verbose correctMkdir /Users/roblav96/.npm correctMkdir not in flight; initializing
710 http 304 https://registry.npmjs.org/@angular%2fhttp
711 verbose headers { 'cache-control': 'max-age=0',
711 verbose headers   'accept-ranges': 'bytes',
711 verbose headers   date: 'Fri, 07 Oct 2016 10:48:51 GMT',
711 verbose headers   via: '1.1 varnish',
711 verbose headers   connection: 'keep-alive',
711 verbose headers   'x-served-by': 'cache-jfk8139-JFK',
711 verbose headers   'x-cache': 'MISS',
711 verbose headers   'x-cache-hits': '0',
711 verbose headers   'x-timer': 'S1475837330.818938,VS0,VE607',
711 verbose headers   vary: 'Accept-Encoding' }
712 silly get cb [ 304,
712 silly get   { 'cache-control': 'max-age=0',
712 silly get     'accept-ranges': 'bytes',
712 silly get     date: 'Fri, 07 Oct 2016 10:48:51 GMT',
712 silly get     via: '1.1 varnish',
712 silly get     connection: 'keep-alive',
712 silly get     'x-served-by': 'cache-jfk8139-JFK',
712 silly get     'x-cache': 'MISS',
712 silly get     'x-cache-hits': '0',
712 silly get     'x-timer': 'S1475837330.818938,VS0,VE607',
712 silly get     vary: 'Accept-Encoding' } ]
713 verbose etag https://registry.npmjs.org/@angular%2fhttp from cache
714 verbose get saving @angular/http to /Users/roblav96/.npm/registry.npmjs.org/_40angular_252fhttp/.cache.json
715 verbose correctMkdir /Users/roblav96/.npm correctMkdir not in flight; initializing
716 silly resolveWithNewModule @angular/platform-server@2.0.2 checking installable status
717 silly cache add args [ '@angular/platform-server@latest', null ]
718 verbose cache add spec @angular/platform-server@latest
719 silly cache add parsed spec Result {
719 silly cache add   raw: '@angular/platform-server@latest',
719 silly cache add   scope: '@angular',
719 silly cache add   escapedName: '@angular%2fplatform-server',
719 silly cache add   name: '@angular/platform-server',
719 silly cache add   rawSpec: 'latest',
719 silly cache add   spec: 'latest',
719 silly cache add   type: 'tag' }
720 silly addNamed @angular/platform-server@latest
721 verbose addNamed "latest" is being treated as a dist-tag for @angular/platform-server
722 info addNameTag [ '@angular/platform-server', 'latest' ]
723 silly mapToRegistry name @angular/platform-server
724 silly mapToRegistry scope (from package name) @angular
725 verbose mapToRegistry no registry URL found in name for scope @angular
726 silly mapToRegistry using default registry
727 silly mapToRegistry registry https://registry.npmjs.org/
728 silly mapToRegistry data Result {
728 silly mapToRegistry   raw: '@angular/platform-server',
728 silly mapToRegistry   scope: '@angular',
728 silly mapToRegistry   escapedName: '@angular%2fplatform-server',
728 silly mapToRegistry   name: '@angular/platform-server',
728 silly mapToRegistry   rawSpec: '',
728 silly mapToRegistry   spec: 'latest',
728 silly mapToRegistry   type: 'tag' }
729 silly mapToRegistry uri https://registry.npmjs.org/@angular%2fplatform-server
730 verbose addNameTag registry:https://registry.npmjs.org/@angular%2fplatform-server not in flight; fetching
731 verbose afterAdd /Users/roblav96/.npm/@angular/compiler/2.0.2/package/package.json written
732 verbose get https://registry.npmjs.org/@angular%2fplatform-server not expired, no request
733 silly addNameTag next cb for @angular/platform-server with tag latest
734 silly addNamed @angular/platform-server@2.0.2
735 verbose addNamed "2.0.2" is a plain semver version for @angular/platform-server
736 silly resolveWithNewModule @angular/http@2.0.2 checking installable status
737 silly cache add args [ '@angular/http@latest', null ]
738 verbose cache add spec @angular/http@latest
739 silly cache add parsed spec Result {
739 silly cache add   raw: '@angular/http@latest',
739 silly cache add   scope: '@angular',
739 silly cache add   escapedName: '@angular%2fhttp',
739 silly cache add   name: '@angular/http',
739 silly cache add   rawSpec: 'latest',
739 silly cache add   spec: 'latest',
739 silly cache add   type: 'tag' }
740 silly addNamed @angular/http@latest
741 verbose addNamed "latest" is being treated as a dist-tag for @angular/http
742 info addNameTag [ '@angular/http', 'latest' ]
743 silly mapToRegistry name @angular/http
744 silly mapToRegistry scope (from package name) @angular
745 verbose mapToRegistry no registry URL found in name for scope @angular
746 silly mapToRegistry using default registry
747 silly mapToRegistry registry https://registry.npmjs.org/
748 silly mapToRegistry data Result {
748 silly mapToRegistry   raw: '@angular/http',
748 silly mapToRegistry   scope: '@angular',
748 silly mapToRegistry   escapedName: '@angular%2fhttp',
748 silly mapToRegistry   name: '@angular/http',
748 silly mapToRegistry   rawSpec: '',
748 silly mapToRegistry   spec: 'latest',
748 silly mapToRegistry   type: 'tag' }
749 silly mapToRegistry uri https://registry.npmjs.org/@angular%2fhttp
750 verbose addNameTag registry:https://registry.npmjs.org/@angular%2fhttp not in flight; fetching
751 silly cache afterAdd @angular/platform-server@2.0.2
752 verbose afterAdd /Users/roblav96/.npm/@angular/platform-server/2.0.2/package/package.json not in flight; writing
753 verbose correctMkdir /Users/roblav96/.npm correctMkdir not in flight; initializing
754 verbose get https://registry.npmjs.org/@angular%2fhttp not expired, no request
755 silly addNameTag next cb for @angular/http with tag latest
756 silly addNamed @angular/http@2.0.2
757 verbose addNamed "2.0.2" is a plain semver version for @angular/http
758 verbose afterAdd /Users/roblav96/.npm/@angular/platform-server/2.0.2/package/package.json written
759 silly cache afterAdd @angular/http@2.0.2
760 verbose afterAdd /Users/roblav96/.npm/@angular/http/2.0.2/package/package.json not in flight; writing
761 verbose correctMkdir /Users/roblav96/.npm correctMkdir not in flight; initializing
762 verbose afterAdd /Users/roblav96/.npm/@angular/http/2.0.2/package/package.json written
763 silly rollbackFailedOptional Starting
764 silly rollbackFailedOptional Finishing
765 silly runTopLevelLifecycles Starting
766 silly runTopLevelLifecycles Finishing
767 silly install printInstalled
768 verbose stack Error: ENOENT: no such file or directory, open '/Users/roblav96/Projects/nativescript-playground/plugin'
768 verbose stack     at Error (native)
769 verbose cwd /Users/roblav96/Projects/nativescript-playground
770 error Darwin 15.6.0
771 error argv "/usr/local/bin/node" "/usr/local/bin/npm" "install"
772 error node v6.5.0
773 error npm  v3.10.3
774 error path /Users/roblav96/Projects/nativescript-playground/plugin
775 error code ENOENT
776 error errno -2
777 error syscall open
778 error enoent ENOENT: no such file or directory, open '/Users/roblav96/Projects/nativescript-playground/plugin'
779 error enoent ENOENT: no such file or directory, open '/Users/roblav96/Projects/nativescript-playground/plugin'
779 error enoent This is most likely not a problem with npm itself
779 error enoent and is related to npm not being able to find a file.
780 verbose exit [ -2, true ]
